<?xml version="1.0" encoding="UTF-8"?>
<!-- Generated by org.testng.reporters.JUnitReportReporter -->
<testsuite hostname="DESKTOP-5HDMOT8" failures="0" tests="1" name="pathAndQueryParameter.PathAndQueryParameter" time="3.557" errors="0" timestamp="2023-02-02T10:42:19 IST" skipped="0">
  <testcase classname="pathAndQueryParameter.PathAndQueryParameter" name="testPathAndQueryParameters" time="3.557"/>
  <system-out/>
</testsuite> <!-- pathAndQueryParameter.PathAndQueryParameter -->
