<?xml version="1.0" encoding="UTF-8"?>
<!-- Generated by org.testng.reporters.JUnitReportReporter -->
<testsuite hostname="DESKTOP-5HDMOT8" failures="0" tests="1" name="cookies_Headers_Logs.LoggingDemo" time="3.090" errors="0" timestamp="2023-02-02T11:31:37 IST" skipped="0">
  <testcase classname="cookies_Headers_Logs.LoggingDemo" name="testLogs" time="3.090"/>
  <system-out/>
</testsuite> <!-- cookies_Headers_Logs.LoggingDemo -->
