<?xml version="1.0" encoding="UTF-8"?>
<!-- Generated by org.testng.reporters.JUnitReportReporter -->
<testsuite hostname="DESKTOP-5HDMOT8" failures="0" tests="4" name="httpMethods.HttpRequest" time="8.134" errors="0" timestamp="2023-02-01T13:13:53 IST" skipped="0">
  <testcase classname="httpMethods.HttpRequest" name="getUsers" time="5.445"/>
  <system-out/>
  <testcase classname="httpMethods.HttpRequest" name="crateUser" time="1.367"/>
  <system-out/>
  <testcase classname="httpMethods.HttpRequest" name="updateUser" time="0.657"/>
  <system-out/>
  <testcase classname="httpMethods.HttpRequest" name="deleteUser" time="0.665"/>
  <system-out/>
</testsuite> <!-- httpMethods.HttpRequest -->
