<?xml version="1.0" encoding="UTF-8"?>
<!-- Generated by org.testng.reporters.JUnitReportReporter -->
<testsuite hostname="DESKTOP-5HDMOT8" failures="0" tests="2" name="postRequstBody.DiffWaysToCreatePostRequestBody" time="7.002" errors="0" timestamp="2023-02-01T15:13:46 IST" skipped="0">
  <testcase classname="postRequstBody.DiffWaysToCreatePostRequestBody" name="testPostUsingHashMap" time="6.905"/>
  <system-out/>
  <testcase classname="postRequstBody.DiffWaysToCreatePostRequestBody" name="testDelete" time="0.097"/>
  <system-out/>
</testsuite> <!-- postRequstBody.DiffWaysToCreatePostRequestBody -->
