<?xml version="1.0" encoding="UTF-8"?>
<!-- Generated by org.testng.reporters.JUnitReportReporter -->
<testsuite hostname="DESKTOP-5HDMOT8" failures="0" tests="1" name="cookiesAndHeaders.CookiesDemo" time="4.710" errors="0" timestamp="2023-02-02T11:03:09 IST" skipped="0">
  <testcase classname="cookiesAndHeaders.CookiesDemo" name="testCookiesInfo" time="4.710"/>
  <system-out/>
</testsuite> <!-- cookiesAndHeaders.CookiesDemo -->
