<?xml version="1.0" encoding="UTF-8"?>
<!-- Generated by org.testng.reporters.JUnitReportReporter -->
<testsuite hostname="DESKTOP-5HDMOT8" failures="0" tests="1" name="apiChaining.GetUser" time="0.894" errors="0" timestamp="2023-02-06T12:00:41 IST" skipped="0">
  <testcase classname="apiChaining.GetUser" name="testGetUser" time="0.894"/>
  <system-out/>
</testsuite> <!-- apiChaining.GetUser -->
