<?xml version="1.0" encoding="UTF-8"?>
<!-- Generated by org.testng.reporters.JUnitReportReporter -->
<testsuite hostname="DESKTOP-5HDMOT8" failures="0" tests="2" name="postRequstBody.OrgJsonLib" time="6.243" errors="0" timestamp="2023-02-01T15:33:10 IST" skipped="0">
  <testcase classname="postRequstBody.OrgJsonLib" name="testPostUsingJsonLibrary" time="6.084"/>
  <system-out/>
  <testcase classname="postRequstBody.OrgJsonLib" name="testDelete" time="0.159"/>
  <system-out/>
</testsuite> <!-- postRequstBody.OrgJsonLib -->
