<?xml version="1.0" encoding="UTF-8"?>
<!-- Generated by org.testng.reporters.JUnitReportReporter -->
<testsuite hostname="DESKTOP-5HDMOT8" failures="0" tests="1" name="schemaValidation.JsonSchemaValidtion" time="3.616" errors="0" timestamp="2023-02-03T12:48:27 IST" skipped="0">
  <testcase classname="schemaValidation.JsonSchemaValidtion" name="jsonSchemaValidation" time="3.616"/>
  <system-out/>
</testsuite> <!-- schemaValidation.JsonSchemaValidtion -->
