<?xml version="1.0" encoding="UTF-8"?>
<!-- Generated by org.testng.reporters.JUnitReportReporter -->
<testsuite hostname="DESKTOP-5HDMOT8" failures="0" tests="1" name="authentications.BasicAuthentications" time="7.575" errors="0" timestamp="2023-02-03T17:11:34 IST" skipped="0">
  <testcase classname="authentications.BasicAuthentications" name="testBasicAuthentication" time="7.575"/>
  <system-out/>
</testsuite> <!-- authentications.BasicAuthentications -->
