<?xml version="1.0" encoding="UTF-8"?>
<!-- Generated by org.testng.reporters.JUnitReportReporter -->
<testsuite hostname="DESKTOP-5HDMOT8" failures="0" tests="1" name="validateResponseData.ParsingXMLResponseData" time="6.135" errors="0" timestamp="2023-02-03T11:26:10 IST" skipped="0">
  <testcase classname="validateResponseData.ParsingXMLResponseData" name="testXMLResponse2" time="6.135"/>
  <system-out/>
</testsuite> <!-- validateResponseData.ParsingXMLResponseData -->
