<?xml version="1.0" encoding="UTF-8"?>
<!-- Generated by org.testng.reporters.JUnitReportReporter -->
<testsuite hostname="DESKTOP-5HDMOT8" failures="0" tests="2" name="uploadAndDownlaodFile.FileDownload" time="5.573" errors="0" timestamp="2023-02-03T12:23:08 IST" skipped="0">
  <testcase classname="uploadAndDownlaodFile.FileDownload" name="singleFileUpload" time="5.386"/>
  <system-out/>
  <testcase classname="uploadAndDownlaodFile.FileDownload" name="testFileDownlaod" time="0.187"/>
  <system-out/>
</testsuite> <!-- uploadAndDownlaodFile.FileDownload -->
