<?xml version="1.0" encoding="UTF-8"?>
<!-- Generated by org.testng.reporters.JUnitReportReporter -->
<testsuite hostname="DESKTOP-5HDMOT8" failures="0" tests="1" name="authentications.BearerTokenAuth" time="7.209" errors="0" timestamp="2023-02-03T17:50:39 IST" skipped="0">
  <testcase classname="authentications.BearerTokenAuth" name="testBearerTokenAuth" time="7.209"/>
  <system-out/>
</testsuite> <!-- authentications.BearerTokenAuth -->
