<?xml version="1.0" encoding="UTF-8"?>
<!-- Generated by org.testng.reporters.JUnitReportReporter -->
<testsuite hostname="DESKTOP-5HDMOT8" failures="0" tests="1" name="schemaValidation.XMLSchemaValidation" time="3.918" errors="0" timestamp="2023-02-03T14:04:54 IST" skipped="0">
  <testcase classname="schemaValidation.XMLSchemaValidation" name="xmlSchemaValidation" time="3.918"/>
  <system-out/>
</testsuite> <!-- schemaValidation.XMLSchemaValidation -->
