<?xml version="1.0" encoding="UTF-8"?>
<!-- Generated by org.testng.reporters.JUnitReportReporter -->
<testsuite hostname="DESKTOP-5HDMOT8" failures="0" tests="2" name="postRequstBody.USingPOJO" time="6.813" errors="0" timestamp="2023-02-01T16:36:16 IST" skipped="0">
  <testcase classname="postRequstBody.USingPOJO" name="testPostUsingPOJOClass" time="6.735"/>
  <system-out/>
  <testcase classname="postRequstBody.USingPOJO" name="testDelete" time="0.078"/>
  <system-out/>
</testsuite> <!-- postRequstBody.USingPOJO -->
