<?xml version="1.0" encoding="UTF-8"?>
<!-- Generated by org.testng.reporters.JUnitReportReporter -->
<testsuite hostname="DESKTOP-5HDMOT8" failures="0" tests="1" name="validateResponseData.ParsingJsonResponseData" time="3.255" errors="0" timestamp="2023-02-02T16:06:29 IST" skipped="0">
  <testcase classname="validateResponseData.ParsingJsonResponseData" name="testJsonResponseBodyData" time="3.255"/>
  <system-out/>
</testsuite> <!-- validateResponseData.ParsingJsonResponseData -->
