<?xml version="1.0" encoding="UTF-8"?>
<!-- Generated by org.testng.reporters.JUnitReportReporter -->
<testsuite hostname="DESKTOP-5HDMOT8" failures="0" tests="2" name="postRequstBody.UsingExternalJsonFile" time="4.950" errors="0" timestamp="2023-02-01T16:59:06 IST" skipped="0">
  <testcase classname="postRequstBody.UsingExternalJsonFile" name="testPostUsingExternalJsonFile" time="4.865"/>
  <system-out/>
  <testcase classname="postRequstBody.UsingExternalJsonFile" name="testDelete" time="0.085"/>
  <system-out/>
</testsuite> <!-- postRequstBody.UsingExternalJsonFile -->
