<?xml version="1.0" encoding="UTF-8"?>
<!-- Generated by org.testng.reporters.JUnitReportReporter -->
<testsuite hostname="DESKTOP-5HDMOT8" failures="0" tests="1" name="cookiesAndHeaders.HeadersDemo" time="4.219" errors="0" timestamp="2023-02-02T11:24:10 IST" skipped="0">
  <testcase classname="cookiesAndHeaders.HeadersDemo" name="testGetHeaders" time="4.219"/>
  <system-out/>
</testsuite> <!-- cookiesAndHeaders.HeadersDemo -->
