<?xml version="1.0" encoding="UTF-8"?>
<!-- Generated by org.testng.reporters.JUnitReportReporter -->
<testsuite hostname="DESKTOP-5HDMOT8" failures="0" tests="1" name="apiChaining.DeleteUser" time="0.806" errors="0" timestamp="2023-02-06T12:00:41 IST" skipped="0">
  <testcase classname="apiChaining.DeleteUser" name="testDeleteUser" time="0.806"/>
  <system-out/>
</testsuite> <!-- apiChaining.DeleteUser -->
