<?xml version="1.0" encoding="UTF-8"?>
<!-- Generated by org.testng.reporters.JUnitReportReporter -->
<testsuite hostname="DESKTOP-5HDMOT8" failures="0" tests="1" name="fakerLibrary.FakerDataGenerator" time="0.461" errors="0" timestamp="2023-02-03T18:44:36 IST" skipped="0">
  <testcase classname="fakerLibrary.FakerDataGenerator" name="testGeneratorDummyData" time="0.461"/>
  <system-out/>
</testsuite> <!-- fakerLibrary.FakerDataGenerator -->
