<?xml version="1.0" encoding="UTF-8"?>
<!-- Generated by org.testng.reporters.JUnitReportReporter -->
<testsuite hostname="DESKTOP-5HDMOT8" failures="0" tests="1" name="apiChaining.UpdateUser" time="1.183" errors="0" timestamp="2023-02-06T12:00:41 IST" skipped="0">
  <testcase classname="apiChaining.UpdateUser" name="testUpdateUser" time="1.183"/>
  <system-out/>
</testsuite> <!-- apiChaining.UpdateUser -->
