<?xml version="1.0" encoding="UTF-8"?>
<!-- Generated by org.testng.reporters.JUnitReportReporter -->
<testsuite hostname="DESKTOP-5HDMOT8" failures="0" tests="1" name="pathAndQueryParameter.PathAndQueryParameter" time="3.509" errors="0" timestamp="2023-02-03T15:40:42 IST" skipped="0">
  <testcase classname="pathAndQueryParameter.PathAndQueryParameter" name="testPathAndQueryParameters" time="3.509"/>
  <system-out/>
</testsuite> <!-- pathAndQueryParameter.PathAndQueryParameter -->
