<?xml version="1.0" encoding="UTF-8"?>
<!-- Generated by org.testng.reporters.JUnitReportReporter -->
<testsuite hostname="DESKTOP-5HDMOT8" failures="0" tests="2" name="authentications.DigestAuthentication" time="9.610" errors="0" timestamp="2023-02-03T17:41:11 IST" skipped="0">
  <testcase classname="authentications.DigestAuthentication" name="testDigestAuthentication" time="8.077"/>
  <system-out/>
  <testcase classname="authentications.DigestAuthentication" name="testPreemptiveAuthentication" time="1.533"/>
  <system-out/>
</testsuite> <!-- authentications.DigestAuthentication -->
